2020-06-18 09:03:43,719 [Worker-3: Loading available Gradle versions] INFO  o.e.b.c.i.u.g.PublishedGradleVersions - Gradle version information cache is out-of-date. Trying to update.
2020-06-18 09:14:27,412 [Worker-3: Loading available Gradle versions] INFO  o.e.b.c.i.u.g.PublishedGradleVersions - Gradle version information cache is up-to-date. Trying to read.
2020-06-18 09:45:50,618 [Worker-4: Loading available Gradle versions] INFO  o.e.b.c.i.u.g.PublishedGradleVersions - Gradle version information cache is up-to-date. Trying to read.
2020-06-19 09:05:17,815 [Worker-2: Loading available Gradle versions] INFO  o.e.b.c.i.u.g.PublishedGradleVersions - Gradle version information cache is out-of-date. Trying to update.
2020-06-19 12:30:28,511 [Start Help Server] INFO  org.eclipse.jetty.util.log - Logging initialized @12412861ms to org.eclipse.jetty.util.log.Slf4jLog
2020-06-19 12:30:28,619 [Start Help Server] INFO  org.eclipse.jetty.server.Server - jetty-9.4.27.v20200227; built: 2020-03-02T14:40:42.212Z; git: a304fd9f351f337e7c0e2a7c28878dd536149c6c; jvm 1.8.0_251-b08
2020-06-19 12:30:28,636 [Start Help Server] INFO  org.eclipse.jetty.server.session - DefaultSessionIdManager workerName=node0
2020-06-19 12:30:28,636 [Start Help Server] INFO  org.eclipse.jetty.server.session - No SessionScavenger set, using defaults
2020-06-19 12:30:28,637 [Start Help Server] INFO  org.eclipse.jetty.server.session - node0 Scavenging every 600000ms
2020-06-19 12:30:28,660 [Start Help Server] INFO  o.e.j.server.handler.ContextHandler - Started o.e.j.s.ServletContextHandler@53cb644d{/help,null,AVAILABLE}
2020-06-19 12:30:28,676 [Start Help Server] INFO  o.e.jetty.server.AbstractConnector - Started ServerConnector@414f254b{HTTP/1.1, (http/1.1)}{127.0.0.1:51044}
2020-06-19 12:30:28,676 [Start Help Server] INFO  org.eclipse.jetty.server.Server - Started @12413027ms
2020-06-19 12:30:28,677 [Start Help Server] INFO  org.eclipse.jetty.server.session - node0 Scavenging every 600000ms
2020-06-19 17:11:24,970 [Stop Help Server] INFO  o.e.jetty.server.AbstractConnector - Stopped ServerConnector@414f254b{HTTP/1.1, (http/1.1)}{127.0.0.1:0}
2020-06-19 17:11:24,970 [Stop Help Server] INFO  org.eclipse.jetty.server.session - node0 Stopped scavenging
2020-06-19 17:11:25,003 [Stop Help Server] INFO  o.e.j.server.handler.ContextHandler - Stopped o.e.j.s.ServletContextHandler@53cb644d{/help,null,UNAVAILABLE}
2020-06-22 08:39:22,190 [Worker-1: Loading available Gradle versions] INFO  o.e.b.c.i.u.g.PublishedGradleVersions - Gradle version information cache is up-to-date. Trying to read.
2020-06-22 12:03:33,176 [Worker-1: Loading available Gradle versions] INFO  o.e.b.c.i.u.g.PublishedGradleVersions - Gradle version information cache is up-to-date. Trying to read.
2020-06-23 11:28:44,146 [Worker-7: Loading available Gradle versions] INFO  o.e.b.c.i.u.g.PublishedGradleVersions - Gradle version information cache is out-of-date. Trying to update.
2020-07-04 11:20:05,657 [Worker-8: Loading available Gradle versions] INFO  o.e.b.c.i.u.g.PublishedGradleVersions - Gradle version information cache is out-of-date. Trying to update.
